2025-08-08 20:03:48 info: Congratulations, your extension "Embold" is now active!
2025-08-08 20:03:48 info: ************* init ****************
2025-08-08 20:03:48 info: tempDirectory : /Users/davidstinnett/.vscode/extensions/embold-vscode.embold-0.3.1/temp
2025-08-08 20:03:50 info: Extraction complete for source: /Users/davidstinnett/.vscode/extensions/embold-vscode.embold-0.3.1/resources/embold-scanner-archive.zip, destination: /Users/davidstinnett/.vscode/extensions/embold-vscode.embold-0.3.1/temp
2025-08-08 20:03:50 info: Extension installed on machine OS : darwin
2025-08-08 20:03:50 info: Fetched the issues from DB
2025-08-08 20:03:50 info: Java version installed on machine : 
openjdk version "21.0.3" 2024-04-16 LTS
IBM Semeru Runtime Open Edition 21.0.3.0 (build 21.0.3+9-LTS)
Eclipse OpenJ9 VM 21.0.3.0 (build openj9-0.44.0, JRE 21 Mac OS X aarch64-64-Bit 20240416_179 (JIT enabled, AOT enabled)
OpenJ9   - b0699311c7
OMR      - 254af5a04
JCL      - ac8f341bc20 based on jdk-21.0.3+9)

2025-08-08 20:03:50 info: Java installed on machine.
2025-08-08 20:03:50 info: Embold extension version response:{"hasSupport":false,"version":"0.2.1","changeNotes":"<div> <p>Release Date: 30 Apr, 2025 <br><span>Bug fixes and improvements.</span></p> </div>"}
2025-08-08 20:03:50 info: Current installed embold extension version : 0.3.1
2025-08-08 20:03:50 info: Latest embold extension version on marketplace : 0.2.1
2025-08-08 20:03:50 info: Current extension version: 0.3.1
2025-08-08 20:03:50 info: Stored extension version: 0.3.1
2025-08-08 20:03:50 info: No new installation or upgrade detected. Skipping plugin activation tracking.
2025-08-08 20:10:12 info: Row(s) deleted
2025-08-08 20:10:20 info: Row(s) deleted
2025-08-08 20:10:20 info: Row(s) deleted
2025-08-08 20:10:20 info: Row(s) deleted
2025-08-08 20:10:20 info: Row(s) deleted
2025-08-08 20:10:20 info: Row(s) deleted
2025-08-08 20:10:28 info: Row(s) deleted
2025-08-08 20:13:05 info: Row(s) deleted
2025-08-08 20:25:44 info: Row(s) deleted
2025-08-08 20:25:53 info: Row(s) deleted
2025-08-08 20:25:53 info: Row(s) deleted
2025-08-08 20:25:53 info: Row(s) deleted
2025-08-08 20:25:53 info: Row(s) deleted
2025-08-08 20:25:53 info: Row(s) deleted
2025-08-08 20:26:04 info: Row(s) deleted
